2021.01.05 17:18:26 INFO  Started: Metals version 0.9.8 in workspace 'C:\Users\Zhansaya\Downloads\one-lab-edu' for client vscode.
2021.01.05 17:18:28 INFO  time: initialize in 1.95s
2021.01.05 17:18:35 WARN  Build server is not auto-connectable.
2021.01.05 17:18:35 WARN  no build tool detected in workspace 'C:\Users\Zhansaya\Downloads\one-lab-edu'. The most common cause for this problem is that the editor was opened in the wrong working directory, for example if you use sbt then the workspace directory should contain build.sbt. 
2021.01.05 21:53:42 INFO  shutting down Metals
2021.01.22 11:41:24 INFO  Started: Metals version 0.9.8 in workspace 'C:\Users\Zhansaya\Downloads\one-lab-edu' for client vscode.
2021.01.22 11:41:26 INFO  time: initialize in 1.93s
2021.01.22 11:41:29 WARN  Build server is not auto-connectable.
2021.01.22 11:41:29 WARN  no build tool detected in workspace 'C:\Users\Zhansaya\Downloads\one-lab-edu'. The most common cause for this problem is that the editor was opened in the wrong working directory, for example if you use sbt then the workspace directory should contain build.sbt. 
џэт 22, 2021 11:44:11 AM org.eclipse.lsp4j.jsonrpc.services.GenericEndpoint notify
INFO: Unsupported notification method: $/setTraceNotification
2021.01.23 00:17:28 INFO  shutting down Metals
[0m2021.01.25 20:14:15 INFO  Started: Metals version 0.9.10 in workspace 'C:\Users\Zhansaya\Downloads\one-lab-edu' for client vscode 1.52.1.[0m
[0m2021.01.25 20:14:17 INFO  time: initialize in 2.26s[0m
[0m2021.01.25 20:14:19 WARN  resetting database: C:\Users\Zhansaya\Downloads\one-lab-edu\.metals\metals.h2.db[0m
[0m2021.01.25 20:14:21 WARN  Build server is not auto-connectable.[0m
[0m2021.01.25 20:14:21 WARN  no build tool detected in workspace 'C:\Users\Zhansaya\Downloads\one-lab-edu'. The most common cause for this problem is that the editor was opened in the wrong working directory, for example if you use sbt then the workspace directory should contain build.sbt. [0m
[0m2021.01.26 00:09:15 INFO  shutting down Metals[0m
[0m2021.01.30 11:01:34 INFO  Started: Metals version 0.9.10 in workspace 'C:\Users\Zhansaya\Downloads\one-lab-edu' for client vscode 1.52.1.[0m
[0m2021.01.30 11:01:36 INFO  time: initialize in 1.94s[0m
[0m2021.01.30 11:01:39 WARN  Build server is not auto-connectable.[0m
[0m2021.01.30 11:01:39 WARN  no build tool detected in workspace 'C:\Users\Zhansaya\Downloads\one-lab-edu'. The most common cause for this problem is that the editor was opened in the wrong working directory, for example if you use sbt then the workspace directory should contain build.sbt. [0m
[0m2021.01.30 17:38:08 INFO  shutting down Metals[0m
[0m2021.02.07 19:16:16 INFO  Started: Metals version 0.9.10 in workspace 'C:\Users\Zhansaya\Downloads\one-lab-edu' for client vscode 1.53.0.[0m
[0m2021.02.07 19:16:17 INFO  time: initialize in 0.92s[0m
[0m2021.02.07 19:16:19 WARN  Build server is not auto-connectable.[0m
[0m2021.02.07 19:16:19 WARN  no build tool detected in workspace 'C:\Users\Zhansaya\Downloads\one-lab-edu'. The most common cause for this problem is that the editor was opened in the wrong working directory, for example if you use sbt then the workspace directory should contain build.sbt. [0m
